<?xml version="1.0" encoding="UTF-8"?>
<!-- Generated by org.testng.reporters.JUnitReportReporter -->
<testsuite hostname="PC-BANG-6773" name="com.discovery.tests.CheckRecommendedVideosTest" tests="1" failures="0" timestamp="24 Aug 2019 10:36:00 GMT" time="25.847" errors="0">
  <testcase name="test1" time="25.847" classname="com.discovery.tests.CheckRecommendedVideosTest"/>
</testsuite> <!-- com.discovery.tests.CheckRecommendedVideosTest -->
