<?xml version="1.0" encoding="UTF-8"?>
<!-- Generated by org.testng.reporters.JUnitReportReporter -->
<testsuite hostname="PC-BANG-6773" name="com.discovery.tests.CheckRecommendedVideosTest" tests="1" failures="0" timestamp="24 Aug 2019 12:04:31 GMT" time="21.411" errors="0">
  <testcase name="checkRecommededVideos" time="21.411" classname="com.discovery.tests.CheckRecommendedVideosTest"/>
</testsuite> <!-- com.discovery.tests.CheckRecommendedVideosTest -->
